<?xml version="1.0" encoding="UTF-8"?>
<!-- Generated by org.testng.reporters.JUnitXMLReporter -->
<testsuite ignored="0" hostname="COREPW0CFCW7" failures="0" tests="7" name="Personal test cases" time="0.079" errors="0" timestamp="2024-10-04T16:36:50 IST">
  <testcase classname="test.day2testing" name="Login" time="0.011"/>
  <testcase classname="test.testng" name="Demo" time="0.002"/>
  <testcase classname="test.testng" name="Secondtest" time="0.001"/>
  <testcase classname="test.day3" name="ABitestCases" time="0.005"/>
  <testcase classname="test.day3" name="ABitestCases" time="0.002"/>
  <testcase classname="test.day3" name="ABitestCases" time="0.002"/>
  <testcase classname="test.day3" name="ACTestcases" time="0.001"/>
</testsuite> <!-- Personal test cases -->
