<?xml version="1.0" encoding="UTF-8"?>
<!-- Generated by org.testng.reporters.JUnitXMLReporter -->
<testsuite ignored="0" hostname="COREPW0CFCW7" failures="0" tests="4" name="Default test" time="0.069" errors="0" timestamp="2024-11-05T18:30:31 IST">
  <testcase classname="test.testng" name="Demo" time="0.012"/>
  <testcase classname="test.testng" name="Secondtest" time="0.002"/>
  <testcase classname="test.testng" name="testforAftersuite" time="0.002"/>
  <testcase classname="test.testng" name="testforbeforesuite" time="0.001"/>
</testsuite> <!-- Default test -->
