<?xml version="1.0" encoding="UTF-8"?>
<!-- Generated by org.testng.reporters.JUnitXMLReporter -->
<testsuite ignored="0" hostname="COREPW0CFCW7" failures="1" tests="11" name="Test" time="0.091" errors="0" timestamp="2024-11-05T17:26:34 IST">
  <testcase classname="test.day2testing" name="Login" time="0.013">
    <failure type="java.lang.AssertionError" message="expected [true] but found [false]">
      <![CDATA[java.lang.AssertionError: expected [true] but found [false]
at test.day2testing.Login(day2testing.java:15)
at java.base/java.util.ArrayList.forEach(ArrayList.java:1597)
at java.base/java.util.concurrent.FutureTask.run(FutureTask.java:317)
at java.base/java.util.concurrent.ThreadPoolExecutor.runWorker(ThreadPoolExecutor.java:1144)
at java.base/java.util.concurrent.ThreadPoolExecutor$Worker.run(ThreadPoolExecutor.java:642)
at java.base/java.lang.Thread.run(Thread.java:1570)
... Removed 20 stack frames]]>
    </failure>
  </testcase> <!-- Login -->
  <testcase classname="test.day3" name="ABitestCases" time="0.005"/>
  <testcase classname="test.day3" name="ABitestCases" time="0.002"/>
  <testcase classname="test.day3" name="ABitestCases" time="0.002"/>
  <testcase classname="test.day3" name="ACTestcases" time="0.002"/>
  <testcase classname="test.day4" name="jmeternew" time="0.002"/>
  <testcase classname="test.day4" name="newtests" time="0.001"/>
  <testcase classname="test.testng" name="Demo" time="0.001"/>
  <testcase classname="test.testng" name="Secondtest" time="0.001"/>
  <testcase classname="test.testng" name="testforAftersuite" time="0.0"/>
  <testcase classname="test.testng" name="testforbeforesuite" time="0.001"/>
</testsuite> <!-- Test -->
